<?xml version="1.0" encoding="UTF-8"?>
<!-- Generated by org.testng.reporters.JUnitXMLReporter -->
<testsuite ignored="24" hostname="JERRYAKIN" failures="2" tests="2" name="Test" time="9.275" errors="0" timestamp="2024-09-29T10:21:20 IST">
  <testcase classname="TestCase.LoginAndLogout" name="ActiLoginAndOut" time="0.004">
    <failure type="org.openqa.selenium.WebDriverException" message="disconnected: not connected to DevTools
  (failed to check if window was closed: disconnected: not connected to DevTools)
  (Session info: chrome=129.0.6668.60)
Build info: version: &amp;apos;4.23.0&amp;apos;, revision: &amp;apos;4df0a231af&amp;apos;
System info: os.name: &amp;apos;Windows 11&amp;apos;, os.arch: &amp;apos;amd64&amp;apos;, os.version: &amp;apos;10.0&amp;apos;, java.version: &amp;apos;17.0.10&amp;apos;
Driver info: org.openqa.selenium.chrome.ChromeDriver
Command: [e0fc93858e13c34220f82e3e5efee5f2, findElement {using=xpath, value=//input[@name=&amp;apos;username&amp;apos;]}]
Capabilities {acceptInsecureCerts: false, browserName: chrome, browserVersion: 129.0.6668.60, chrome: {chromedriverVersion: 129.0.6668.70 (df87d5cf12b1..., userDataDir: C:\Users\HP\AppData\Local\T...}, fedcm:accounts: true, goog:chromeOptions: {debuggerAddress: localhost:61651}, networkConnectionEnabled: false, pageLoadStrategy: normal, platformName: windows, proxy: Proxy(), se:cdp: ws://localhost:61651/devtoo..., se:cdpVersion: 129.0.6668.60, setWindowRect: true, strictFileInteractability: false, timeouts: {implicit: 0, pageLoad: 300000, script: 30000}, unhandledPromptBehavior: dismiss and notify, webauthn:extension:credBlob: true, webauthn:extension:largeBlob: true, webauthn:extension:minPinLength: true, webauthn:extension:prf: true, webauthn:virtualAuthenticators: true}
Session ID: e0fc93858e13c34220f82e3e5efee5f2">
      <![CDATA[org.openqa.selenium.WebDriverException: disconnected: not connected to DevTools
  (failed to check if window was closed: disconnected: not connected to DevTools)
  (Session info: chrome=129.0.6668.60)
Build info: version: '4.23.0', revision: '4df0a231af'
System info: os.name: 'Windows 11', os.arch: 'amd64', os.version: '10.0', java.version: '17.0.10'
Driver info: org.openqa.selenium.chrome.ChromeDriver
Command: [e0fc93858e13c34220f82e3e5efee5f2, findElement {using=xpath, value=//input[@name='username']}]
Capabilities {acceptInsecureCerts: false, browserName: chrome, browserVersion: 129.0.6668.60, chrome: {chromedriverVersion: 129.0.6668.70 (df87d5cf12b1..., userDataDir: C:\Users\HP\AppData\Local\T...}, fedcm:accounts: true, goog:chromeOptions: {debuggerAddress: localhost:61651}, networkConnectionEnabled: false, pageLoadStrategy: normal, platformName: windows, proxy: Proxy(), se:cdp: ws://localhost:61651/devtoo..., se:cdpVersion: 129.0.6668.60, setWindowRect: true, strictFileInteractability: false, timeouts: {implicit: 0, pageLoad: 300000, script: 30000}, unhandledPromptBehavior: dismiss and notify, webauthn:extension:credBlob: true, webauthn:extension:largeBlob: true, webauthn:extension:minPinLength: true, webauthn:extension:prf: true, webauthn:virtualAuthenticators: true}
Session ID: e0fc93858e13c34220f82e3e5efee5f2
at org.openqa.selenium.remote.ErrorCodec.decode(ErrorCodec.java:167)
at org.openqa.selenium.remote.codec.w3c.W3CHttpResponseCodec.decode(W3CHttpResponseCodec.java:138)
at org.openqa.selenium.remote.codec.w3c.W3CHttpResponseCodec.decode(W3CHttpResponseCodec.java:50)
at org.openqa.selenium.remote.HttpCommandExecutor.execute(HttpCommandExecutor.java:190)
at org.openqa.selenium.remote.service.DriverCommandExecutor.invokeExecute(DriverCommandExecutor.java:216)
at org.openqa.selenium.remote.service.DriverCommandExecutor.execute(DriverCommandExecutor.java:174)
at org.openqa.selenium.remote.RemoteWebDriver.execute(RemoteWebDriver.java:527)
at org.openqa.selenium.remote.ElementLocation$ElementFinder$2.findElement(ElementLocation.java:165)
at org.openqa.selenium.remote.ElementLocation.findElement(ElementLocation.java:59)
at org.openqa.selenium.remote.RemoteWebDriver.findElement(RemoteWebDriver.java:357)
at org.openqa.selenium.remote.RemoteWebDriver.findElement(RemoteWebDriver.java:351)
at org.openqa.selenium.support.pagefactory.DefaultElementLocator.findElement(DefaultElementLocator.java:68)
at org.openqa.selenium.support.pagefactory.internal.LocatingElementHandler.invoke(LocatingElementHandler.java:38)
at jdk.proxy2/jdk.proxy2.$Proxy18.getWrappedElement(Unknown Source)
at org.openqa.selenium.remote.WebElementToJsonConverter.apply(WebElementToJsonConverter.java:48)
at java.base/java.util.stream.ReferencePipeline$3$1.accept(ReferencePipeline.java:197)
at java.base/java.util.Spliterators$ArraySpliterator.forEachRemaining(Spliterators.java:992)
at java.base/java.util.stream.AbstractPipeline.copyInto(AbstractPipeline.java:509)
at java.base/java.util.stream.AbstractPipeline.wrapAndCopyInto(AbstractPipeline.java:499)
at java.base/java.util.stream.ReduceOps$ReduceOp.evaluateSequential(ReduceOps.java:921)
at java.base/java.util.stream.AbstractPipeline.evaluate(AbstractPipeline.java:234)
at java.base/java.util.stream.ReferencePipeline.collect(ReferencePipeline.java:682)
at org.openqa.selenium.remote.RemoteWebDriver.executeScript(RemoteWebDriver.java:463)
at Utils.Helper.heighlightElement(Helper.java:11)
at POM.ActitimeLoginPage.login(ActitimeLoginPage.java:103)
at TestCase.LoginAndLogout.ActiLoginAndOut(LoginAndLogout.java:14)
at java.base/java.util.ArrayList.forEach(ArrayList.java:1511)
... Removed 36 stack frames]]>
    </failure>
  </testcase> <!-- ActiLoginAndOut -->
  <testcase classname="TestCase.LoginAndLogout" name="ActiLoginAndOut" time="6.161">
    <failure type="org.openqa.selenium.WebDriverException" message="disconnected: not connected to DevTools
  (failed to check if window was closed: disconnected: not connected to DevTools)
  (Session info: chrome=129.0.6668.60)
Build info: version: &amp;apos;4.23.0&amp;apos;, revision: &amp;apos;4df0a231af&amp;apos;
System info: os.name: &amp;apos;Windows 11&amp;apos;, os.arch: &amp;apos;amd64&amp;apos;, os.version: &amp;apos;10.0&amp;apos;, java.version: &amp;apos;17.0.10&amp;apos;
Driver info: org.openqa.selenium.chrome.ChromeDriver
Command: [e0fc93858e13c34220f82e3e5efee5f2, screenshot {}]
Capabilities {acceptInsecureCerts: false, browserName: chrome, browserVersion: 129.0.6668.60, chrome: {chromedriverVersion: 129.0.6668.70 (df87d5cf12b1..., userDataDir: C:\Users\HP\AppData\Local\T...}, fedcm:accounts: true, goog:chromeOptions: {debuggerAddress: localhost:61651}, networkConnectionEnabled: false, pageLoadStrategy: normal, platformName: windows, proxy: Proxy(), se:cdp: ws://localhost:61651/devtoo..., se:cdpVersion: 129.0.6668.60, setWindowRect: true, strictFileInteractability: false, timeouts: {implicit: 0, pageLoad: 300000, script: 30000}, unhandledPromptBehavior: dismiss and notify, webauthn:extension:credBlob: true, webauthn:extension:largeBlob: true, webauthn:extension:minPinLength: true, webauthn:extension:prf: true, webauthn:virtualAuthenticators: true}
Session ID: e0fc93858e13c34220f82e3e5efee5f2">
      <![CDATA[org.openqa.selenium.WebDriverException: disconnected: not connected to DevTools
  (failed to check if window was closed: disconnected: not connected to DevTools)
  (Session info: chrome=129.0.6668.60)
Build info: version: '4.23.0', revision: '4df0a231af'
System info: os.name: 'Windows 11', os.arch: 'amd64', os.version: '10.0', java.version: '17.0.10'
Driver info: org.openqa.selenium.chrome.ChromeDriver
Command: [e0fc93858e13c34220f82e3e5efee5f2, screenshot {}]
Capabilities {acceptInsecureCerts: false, browserName: chrome, browserVersion: 129.0.6668.60, chrome: {chromedriverVersion: 129.0.6668.70 (df87d5cf12b1..., userDataDir: C:\Users\HP\AppData\Local\T...}, fedcm:accounts: true, goog:chromeOptions: {debuggerAddress: localhost:61651}, networkConnectionEnabled: false, pageLoadStrategy: normal, platformName: windows, proxy: Proxy(), se:cdp: ws://localhost:61651/devtoo..., se:cdpVersion: 129.0.6668.60, setWindowRect: true, strictFileInteractability: false, timeouts: {implicit: 0, pageLoad: 300000, script: 30000}, unhandledPromptBehavior: dismiss and notify, webauthn:extension:credBlob: true, webauthn:extension:largeBlob: true, webauthn:extension:minPinLength: true, webauthn:extension:prf: true, webauthn:virtualAuthenticators: true}
Session ID: e0fc93858e13c34220f82e3e5efee5f2
at org.openqa.selenium.remote.ErrorCodec.decode(ErrorCodec.java:167)
at org.openqa.selenium.remote.codec.w3c.W3CHttpResponseCodec.decode(W3CHttpResponseCodec.java:138)
at org.openqa.selenium.remote.codec.w3c.W3CHttpResponseCodec.decode(W3CHttpResponseCodec.java:50)
at org.openqa.selenium.remote.HttpCommandExecutor.execute(HttpCommandExecutor.java:190)
at org.openqa.selenium.remote.service.DriverCommandExecutor.invokeExecute(DriverCommandExecutor.java:216)
at org.openqa.selenium.remote.service.DriverCommandExecutor.execute(DriverCommandExecutor.java:174)
at org.openqa.selenium.remote.RemoteWebDriver.execute(RemoteWebDriver.java:527)
at org.openqa.selenium.remote.RemoteWebDriver.execute(RemoteWebDriver.java:600)
at org.openqa.selenium.remote.RemoteWebDriver.execute(RemoteWebDriver.java:604)
at org.openqa.selenium.remote.RemoteWebDriver.getScreenshotAs(RemoteWebDriver.java:323)
at Utils.SingleScreenShot.onTestFailure(SingleScreenShot.java:20)
at java.base/java.util.ArrayList.forEach(ArrayList.java:1511)
... Removed 33 stack frames]]>
    </failure>
  </testcase> <!-- ActiLoginAndOut -->
  <testcase classname="Utils.BaseTest" name="@AfterTest m4" time="0.0">
    <ignored/>
  </testcase> <!-- @AfterTest m4 -->
  <testcase classname="Utils.BaseTest" name="@BeforeTest m3" time="0.0">
    <ignored/>
  </testcase> <!-- @BeforeTest m3 -->
  <testcase classname="Utils.BaseTest" name="@BeforeSuite m1" time="0.0">
    <ignored/>
  </testcase> <!-- @BeforeSuite m1 -->
  <testcase classname="Utils.BaseTest" name="@AfterSuite m2" time="0.0">
    <ignored/>
  </testcase> <!-- @AfterSuite m2 -->
  <testcase classname="Utils.BaseTest" name="@BeforeTest m3" time="0.0">
    <ignored/>
  </testcase> <!-- @BeforeTest m3 -->
  <testcase classname="Utils.BaseTest" name="@AfterTest m4" time="0.0">
    <ignored/>
  </testcase> <!-- @AfterTest m4 -->
  <testcase classname="Utils.BaseTest" name="@AfterTest m4" time="0.0">
    <ignored/>
  </testcase> <!-- @AfterTest m4 -->
  <testcase classname="Utils.BaseTest" name="@BeforeSuite m1" time="0.0">
    <ignored/>
  </testcase> <!-- @BeforeSuite m1 -->
  <testcase classname="Utils.BaseTest" name="@AfterSuite m2" time="0.0">
    <ignored/>
  </testcase> <!-- @AfterSuite m2 -->
  <testcase classname="Utils.BaseTest" name="@AfterSuite m2" time="0.0">
    <ignored/>
  </testcase> <!-- @AfterSuite m2 -->
  <testcase classname="Utils.BaseTest" name="@BeforeSuite m1" time="0.0">
    <ignored/>
  </testcase> <!-- @BeforeSuite m1 -->
  <testcase classname="Utils.BaseTest" name="@BeforeTest m3" time="0.0">
    <ignored/>
  </testcase> <!-- @BeforeTest m3 -->
  <testcase classname="Utils.BaseTest" name="@BeforeTest m3" time="0.0">
    <ignored/>
  </testcase> <!-- @BeforeTest m3 -->
  <testcase classname="Utils.BaseTest" name="@AfterTest m4" time="0.0">
    <ignored/>
  </testcase> <!-- @AfterTest m4 -->
  <testcase classname="Utils.BaseTest" name="@AfterSuite m2" time="0.0">
    <ignored/>
  </testcase> <!-- @AfterSuite m2 -->
  <testcase classname="Utils.BaseTest" name="@BeforeTest m3" time="0.0">
    <ignored/>
  </testcase> <!-- @BeforeTest m3 -->
  <testcase classname="Utils.BaseTest" name="@AfterTest m4" time="0.0">
    <ignored/>
  </testcase> <!-- @AfterTest m4 -->
  <testcase classname="Utils.BaseTest" name="@BeforeSuite m1" time="0.0">
    <ignored/>
  </testcase> <!-- @BeforeSuite m1 -->
  <testcase classname="Utils.BaseTest" name="@BeforeTest m3" time="0.0">
    <ignored/>
  </testcase> <!-- @BeforeTest m3 -->
  <testcase classname="Utils.BaseTest" name="@AfterTest m4" time="0.0">
    <ignored/>
  </testcase> <!-- @AfterTest m4 -->
  <testcase classname="Utils.BaseTest" name="@AfterSuite m2" time="0.0">
    <ignored/>
  </testcase> <!-- @AfterSuite m2 -->
  <testcase classname="Utils.BaseTest" name="@BeforeSuite m1" time="0.0">
    <ignored/>
  </testcase> <!-- @BeforeSuite m1 -->
  <testcase classname="Utils.BaseTest" name="@BeforeSuite m1" time="0.0">
    <ignored/>
  </testcase> <!-- @BeforeSuite m1 -->
  <testcase classname="Utils.BaseTest" name="@AfterSuite m2" time="0.0">
    <ignored/>
  </testcase> <!-- @AfterSuite m2 -->
</testsuite> <!-- Test -->
